<?xml version="1.0" encoding="UTF-8"?>
<!-- Generated by org.testng.reporters.JUnitXMLReporter -->
<testsuite ignored="0" hostname="RAYAN" failures="0" tests="4" name="Default test" time="55.747" errors="0" timestamp="2023-09-21T02:56:31 EDT">
  <testcase classname="cucumber.api.testng.AbstractTestNGCucumberTests" name="feature" time="9.343"/>
  <testcase classname="cucumber.api.testng.AbstractTestNGCucumberTests" name="feature" time="4.71"/>
  <testcase classname="cucumber.api.testng.AbstractTestNGCucumberTests" name="feature" time="12.32"/>
  <testcase classname="cucumber.api.testng.AbstractTestNGCucumberTests" name="feature" time="24.055"/>
</testsuite> <!-- Default test -->
