<?xml version="1.0" encoding="UTF-8"?>
<testng-results ignored="0" total="4" passed="4" failed="0" skipped="0">
  <reporter-output>
  </reporter-output>
  <suite started-at="2023-09-21T02:55:35 EDT" name="Default suite" finished-at="2023-09-21T02:56:31 EDT" duration-ms="55747">
    <groups>
      <group name="cucumber">
        <method signature="AbstractTestNGCucumberTests.feature(cucumber.api.testng.CucumberFeatureWrapper)[pri:0, instance:Boishak_TestRunner.Boishak_TestRunner@43f02ef2]" name="feature" class="cucumber.api.testng.AbstractTestNGCucumberTests"/>
      </group> <!-- cucumber -->
    </groups>
    <test started-at="2023-09-21T02:55:35 EDT" name="Default test" finished-at="2023-09-21T02:56:31 EDT" duration-ms="55747">
      <class name="Boishak_TestRunner.Boishak_TestRunner">
        <test-method is-config="true" signature="boiStartURL()[pri:0, instance:Boishak_TestRunner.Boishak_TestRunner@43f02ef2]" started-at="2023-09-21T02:55:35 EDT" name="boiStartURL" finished-at="2023-09-21T02:55:40 EDT" duration-ms="4659" status="PASS">
          <reporter-output>
          </reporter-output>
        </test-method> <!-- boiStartURL -->
        <test-method is-config="true" signature="setUpClass()[pri:0, instance:Boishak_TestRunner.Boishak_TestRunner@43f02ef2]" started-at="2023-09-21T02:55:40 EDT" name="setUpClass" finished-at="2023-09-21T02:55:40 EDT" duration-ms="128" status="PASS">
          <reporter-output>
          </reporter-output>
        </test-method> <!-- setUpClass -->
        <test-method signature="feature(cucumber.api.testng.CucumberFeatureWrapper)[pri:0, instance:Boishak_TestRunner.Boishak_TestRunner@43f02ef2]" started-at="2023-09-21T02:55:40 EDT" name="feature" description="Runs Cucumber Feature" data-provider="features" finished-at="2023-09-21T02:55:49 EDT" duration-ms="9343" status="PASS">
          <params>
            <param index="0">
              <value>
                <![CDATA[This is a feature for about us creation]]>
              </value>
            </param>
          </params>
          <reporter-output>
          </reporter-output>
        </test-method> <!-- feature -->
        <test-method signature="feature(cucumber.api.testng.CucumberFeatureWrapper)[pri:0, instance:Boishak_TestRunner.Boishak_TestRunner@43f02ef2]" started-at="2023-09-21T02:55:49 EDT" name="feature" description="Runs Cucumber Feature" data-provider="features" finished-at="2023-09-21T02:55:54 EDT" duration-ms="4710" status="PASS">
          <params>
            <param index="0">
              <value>
                <![CDATA[This is a feature for boi cart page]]>
              </value>
            </param>
          </params>
          <reporter-output>
          </reporter-output>
        </test-method> <!-- feature -->
        <test-method signature="feature(cucumber.api.testng.CucumberFeatureWrapper)[pri:0, instance:Boishak_TestRunner.Boishak_TestRunner@43f02ef2]" started-at="2023-09-21T02:55:54 EDT" name="feature" description="Runs Cucumber Feature" data-provider="features" finished-at="2023-09-21T02:56:06 EDT" duration-ms="12320" status="PASS">
          <params>
            <param index="0">
              <value>
                <![CDATA[This is a loogin feature funtionality]]>
              </value>
            </param>
          </params>
          <reporter-output>
          </reporter-output>
        </test-method> <!-- feature -->
        <test-method signature="feature(cucumber.api.testng.CucumberFeatureWrapper)[pri:0, instance:Boishak_TestRunner.Boishak_TestRunner@43f02ef2]" started-at="2023-09-21T02:56:06 EDT" name="feature" description="Runs Cucumber Feature" data-provider="features" finished-at="2023-09-21T02:56:30 EDT" duration-ms="24055" status="PASS">
          <params>
            <param index="0">
              <value>
                <![CDATA[This feature is to create new account]]>
              </value>
            </param>
          </params>
          <reporter-output>
          </reporter-output>
        </test-method> <!-- feature -->
        <test-method is-config="true" signature="tearDownClass()[pri:0, instance:Boishak_TestRunner.Boishak_TestRunner@43f02ef2]" started-at="2023-09-21T02:56:30 EDT" name="tearDownClass" finished-at="2023-09-21T02:56:30 EDT" duration-ms="16" status="PASS">
          <reporter-output>
          </reporter-output>
        </test-method> <!-- tearDownClass -->
        <test-method is-config="true" signature="boiCloseURL()[pri:0, instance:Boishak_TestRunner.Boishak_TestRunner@43f02ef2]" started-at="2023-09-21T02:56:30 EDT" name="boiCloseURL" finished-at="2023-09-21T02:56:31 EDT" duration-ms="379" status="PASS">
          <reporter-output>
          </reporter-output>
        </test-method> <!-- boiCloseURL -->
      </class> <!-- Boishak_TestRunner.Boishak_TestRunner -->
    </test> <!-- Default test -->
  </suite> <!-- Default suite -->
</testng-results>
